<?xml version="1.0" encoding="UTF-8"?>
<!-- Generated by org.testng.reporters.JUnitReportReporter -->
<testsuite skipped="0" hostname="USER-20171111RS" name="com.testng.TestNG1" tests="2" failures="0" timestamp="06 十一月 2018 13:26:01 GMT" time="0.004" errors="0">
  <testcase name="testCase1" time="0.003" classname="com.testng.TestNG1"/>
  <testcase name="testCase2" time="0.001" classname="com.testng.TestNG1"/>
</testsuite> <!-- com.testng.TestNG1 -->
